<?xml version="1.0" encoding="UTF-8"?>
<robot generator="Robot 4.1 (Python 3.8.1 on win32)" generated="20210828 12:39:24.025" rpa="false" schemaversion="2">
<suite id="s1" name="GetEquiposTests" source="C:\git\qa-ninja\ROBOTXPERT\backend\tests\GetEquiposTests.robot">
<test id="s1-t1" name="Get Unique Equipo">
<kw name="Get Token" library="Helpers">
<var>${token}</var>
<arg>sambora@bonjovi.com</arg>
<arg>pwd123</arg>
<kw name="Create Dictionary" library="BuiltIn">
<var>&amp;{payload}</var>
<arg>email=${email}</arg>
<arg>password=${password}</arg>
<doc>Creates and returns a dictionary based on the given ``items``.</doc>
<msg timestamp="20210828 12:39:24.415" level="INFO">&amp;{payload} = { email=sambora@bonjovi.com | password=pwd123 }</msg>
<status status="PASS" starttime="20210828 12:39:24.415" endtime="20210828 12:39:24.415"/>
</kw>
<kw name="POST LOGIN" library="Sessions">
<var>${response}</var>
<arg>${payload}</arg>
<kw name="POST" library="RequestsLibrary">
<var>${response}</var>
<arg>${base_url}/sessions</arg>
<arg>json=${payload}</arg>
<arg>expected_status=any</arg>
<doc>Sends a POST request.</doc>
<msg timestamp="20210828 12:39:25.540" level="INFO">POST Request : url=https://rocklov-hand-api.herokuapp.com/sessions 
 path_url=/sessions 
 headers={'User-Agent': 'python-requests/2.26.0', 'Accept-Encoding': 'gzip, deflate', 'Accept': '*/*', 'Connection': 'keep-alive', 'Content-Length': '54', 'Content-Type': 'application/json'} 
 body=b'{"email": "sambora@bonjovi.com", "password": "pwd123"}' 
 </msg>
<msg timestamp="20210828 12:39:25.540" level="INFO">POST Response : url=https://rocklov-hand-api.herokuapp.com/sessions 
 status=200, reason=OK 
 headers={'Server': 'Cowboy', 'Connection': 'keep-alive', 'X-Powered-By': 'Express', 'Access-Control-Allow-Origin': '*', 'Content-Type': 'application/json; charset=utf-8', 'Content-Length': '41', 'Etag': 'W/"29-8sJXLquFe1KUxDD316UwCOL0S6o"', 'Date': 'Sat, 28 Aug 2021 15:39:25 GMT', 'Via': '1.1 vegur'} 
 body={"user_token":"612a4f8c87947c0015f00842"} 
 </msg>
<msg timestamp="20210828 12:39:25.540" level="INFO">${response} = &lt;Response [200]&gt;</msg>
<status status="PASS" starttime="20210828 12:39:24.415" endtime="20210828 12:39:25.540"/>
</kw>
<msg timestamp="20210828 12:39:25.540" level="INFO">${response} = &lt;Response [200]&gt;</msg>
<status status="PASS" starttime="20210828 12:39:24.415" endtime="20210828 12:39:25.540"/>
</kw>
<kw name="Set Variable" library="BuiltIn">
<var>${user_token}</var>
<arg>${response.json()}[user_token]</arg>
<doc>Returns the given values which can then be assigned to a variables.</doc>
<msg timestamp="20210828 12:39:25.540" level="INFO">${user_token} = 612a4f8c87947c0015f00842</msg>
<status status="PASS" starttime="20210828 12:39:25.540" endtime="20210828 12:39:25.540"/>
</kw>
<msg timestamp="20210828 12:39:25.540" level="INFO">${token} = 612a4f8c87947c0015f00842</msg>
<status status="PASS" starttime="20210828 12:39:24.415" endtime="20210828 12:39:25.540"/>
</kw>
<kw name="Get Json" library="Helpers">
<var>${equipo}</var>
<arg>equipos</arg>
<arg>piano.json</arg>
<kw name="Get File" library="OperatingSystem">
<var>${fixture}</var>
<arg>C:/git/qa-ninja/ROBOTXPERT/backend/resources/fixtures/${route}/${file_name}</arg>
<doc>Returns the contents of a specified file.</doc>
<msg timestamp="20210828 12:39:25.556" level="INFO" html="true">Getting file '&lt;a href="file://C:\git\qa-ninja\ROBOTXPERT\backend\resources\fixtures\equipos\piano.json"&gt;C:\git\qa-ninja\ROBOTXPERT\backend\resources\fixtures\equipos\piano.json&lt;/a&gt;'.</msg>
<msg timestamp="20210828 12:39:25.556" level="INFO">${fixture} = {
    "payload": {
        "name": "Piano de Mesa",
        "category": "Teclas",
        "price": 500
    },
    "thumb": "piano.png"
}</msg>
<status status="PASS" starttime="20210828 12:39:25.540" endtime="20210828 12:39:25.556"/>
</kw>
<kw name="Evaluate" library="BuiltIn">
<var>${json}</var>
<arg>json.loads($fixture)</arg>
<arg>json</arg>
<doc>Evaluates the given expression in Python and returns the result.</doc>
<msg timestamp="20210828 12:39:25.556" level="INFO">${json} = {'payload': {'name': 'Piano de Mesa', 'category': 'Teclas', 'price': 500}, 'thumb': 'piano.png'}</msg>
<status status="PASS" starttime="20210828 12:39:25.556" endtime="20210828 12:39:25.556"/>
</kw>
<msg timestamp="20210828 12:39:25.556" level="INFO">${equipo} = {'payload': {'name': 'Piano de Mesa', 'category': 'Teclas', 'price': 500}, 'thumb': 'piano.png'}</msg>
<status status="PASS" starttime="20210828 12:39:25.540" endtime="20210828 12:39:25.556"/>
</kw>
<kw name="Remove Equipo" library="mongo">
<arg>${equipo}[payload][name]</arg>
<status status="PASS" starttime="20210828 12:39:25.556" endtime="20210828 12:39:25.793"/>
</kw>
<kw name="POST EQUIPO" library="Equipos">
<var>${result}</var>
<arg>${equipo}</arg>
<arg>${token}</arg>
<kw name="Create Dictionary" library="BuiltIn">
<var>&amp;{headers}</var>
<arg>user_token=${token}</arg>
<doc>Creates and returns a dictionary based on the given ``items``.</doc>
<msg timestamp="20210828 12:39:25.793" level="INFO">&amp;{headers} = { user_token=612a4f8c87947c0015f00842 }</msg>
<status status="PASS" starttime="20210828 12:39:25.793" endtime="20210828 12:39:25.793"/>
</kw>
<kw name="Get Binary File" library="OperatingSystem">
<var>${bin_image}</var>
<arg>C:/git/qa-ninja/ROBOTXPERT/backend/resources/fixtures/equipos/thumbnail/${equipo}[thumb]</arg>
<doc>Returns the contents of a specified file.</doc>
<msg timestamp="20210828 12:39:25.793" level="INFO" html="true">Getting file '&lt;a href="file://C:\git\qa-ninja\ROBOTXPERT\backend\resources\fixtures\equipos\thumbnail\piano.png"&gt;C:\git\qa-ninja\ROBOTXPERT\backend\resources\fixtures\equipos\thumbnail\piano.png&lt;/a&gt;'.</msg>
<msg timestamp="20210828 12:39:25.840" level="INFO">${bin_image} = \x89PNG

IHDR\xfa\xfa\x88\xecZ=sRGB\xae\xce\xe9	pHYs\xc4\xc4\x95+ IDATx\x9c\x8c\xbd[\xac\xad\xc9q\xdf\xf7\xab\xeeo\xad\xbd\xcf9s\xe6Jr\xc8/\x91F\x9b%\xf9"\xc9v...</msg>
<status status="PASS" starttime="20210828 12:39:25.793" endtime="20210828 12:39:25.840"/>
</kw>
<kw name="Create Dictionary" library="BuiltIn">
<var>&amp;{thumbnail}</var>
<arg>thumbnail=${bin_image}</arg>
<doc>Creates and returns a dictionary based on the given ``items``.</doc>
<msg timestamp="20210828 12:39:25.855" level="INFO">&amp;{thumbnail} = { thumbnail=\x89PNG

IHDR\xfa\xfa\x88\xecZ=sRGB\xae\xce\xe9	pHYs\xc4\xc4\x95+ IDATx\x9c\x8c\xbd[\xac\xad\xc9q\xdf\xf7\xab\xeeo\xad\xbd\xcf9s\xe6Jr\xc8/\x91F\x9b...</msg>
<status status="PASS" starttime="20210828 12:39:25.840" endtime="20210828 12:39:25.855"/>
</kw>
<kw name="POST" library="RequestsLibrary">
<var>${response}</var>
<arg>${base_url}/equipos</arg>
<arg>data=${equipo}[payload]</arg>
<arg>headers=${headers}</arg>
<arg>files=${thumbnail}</arg>
<arg>expected_status=any</arg>
<doc>Sends a POST request.</doc>
<msg timestamp="20210828 12:39:27.512" level="INFO">POST Request : url=https://rocklov-hand-api.herokuapp.com/equipos 
 path_url=/equipos 
 headers={'User-Agent': 'python-requests/2.26.0', 'Accept-Encoding': 'gzip, deflate', 'Accept': '*/*', 'Connection': 'keep-alive', 'user_token': '612a4f8c87947c0015f00842', 'Content-Length': '86522', 'Content-Type': 'multipart/form-data; boundary=f12ecbb548417a724789a59f8acc5f11'} 
 body=b'--f12ecbb548417a724789a59f8acc5f11\r\nContent-Disposition: form-data; name="name"\r\n\r\nPiano de Mesa\r\n--f12ecbb548417a724789a59f8acc5f11\r\nContent-Disposition: form-data; name="category"\r\n\r\nTeclas\r\n--f12ecbb548417a724789a59f8acc5f11\r\nContent-Disposition: form-data; name="price"\r\n\r\n500\r\n--f12ecbb548417a724789a59f8acc5f11\r\nContent-Disposition: form-data; name="thumbnail"; filename="thumbnail"\r\n\r\n\x89PNG\r\n\x1a\n\x00\x00\x00\rIHDR\x00\x00\x00\xfa\x00\x00\x00\xfa\x08\x06\x00\x00\x00\x88\xecZ=\x00\x00\x00\x01sRGB\x00\xae\xce\x1c\xe9\x00\x00\x00\tpHYs\x00\x00\x0e\xc4\x00\x00\x0e\xc4\x01\x95+\x0e\x1b\x00\x00 \x00IDATx\x9c\x8c\xbd[\xac\xad\xc9q\xdf\xf7\xab\xeeo\xad\xbd\xcf9s\xe6Jr\xc8\x11/\x91F\x17\x9b\x12%\xf9"\xc9v\xa8\x00R.@\x04\xc8\n  \x80\x858\x89\x91\xa7\xbc\xe5\xd1A\x82&lt;\xe4)o\n\x02\x04H`\xc0p\x00\'Ab\tAb9B`9\x92%K\x16$Q\x8ax\x93E\x8a\xa4\xc8\xa1f\xc8\xb9pf\xcem\x9f\xbd\xd7\xfa\xba\xf2P]]\xd5\xdfZg\xa85\xb3\xcf^\xfb\xfb\xfa\xebKu]\xfeU]\xdd\x9f\xfcG\xfc\x8f\n+\xd0((\n\x08+P(\x08P\x81BcEQ*\x05\xff(\x05\x05\nV\x03\xac(\xad?\xdfh4\n\xa0\x08\x82\xd0\xd0\xfe\x9c\xa2\x1c),(\x87Q\xa6q\x04\x01+&amp;(\rh\xd8_\xfe\x9c\xb5#\xa3\x0fJC\x11\x11Tu\xb4f\xf7\xbc\xc5\xd6k\xa9\xe3\t\xbf\xd28\xa6\x9a\x15\xed\xed\xb6^NP\xd6\xfe\x97\x8f\xd2{A\xef\x9d\xf6\xeb\xf4\xae\x0b\xad\xf7\x98^\x9fv\xda\xc6\x08\x04\x19m\xc9\x18\x8d\xf4\x9fFa\xc7-n\xf5;\xcd\xa8,V\xb2)\xfd\x19\xa7\x8d\xd5T\x10\n2zWz_\x04\x19\xb3\xb6\xeb5\x16\xe8\xe5}v\xec\xbf\xa5\xdf\x97TO\xa5"H\xa7^\xa1P;WX\xcb\x88 *\xbd\xac\xb5\xd6z\xeb\xfe\x9f\xf3\x8d\xe2}\xb7v\xd7^\x8f\xb0X]\x9d\xeb\x94\xda\xc7\'\x14)\xaczD\x81\xca\x02\xd0g\xcdGn\xd7\x8d?\xed\xb7\xcfHP\xdbi+\xe9\xba\xd3\xa9\xf4Y\xf5&gt;\xd7&gt;\x06\x1d\xe5+\x8d\xb5\xcf\xb6\xcf\xd8\xd2\xdb\xb2\xd6\x8e\x89^t\xcemi\xfc\xc2\x11\xa1\x1a\xb7\x0e\xbeun)\xfd\xa7M\xbds\xb9\xd9QX\x81\x95\x95\xd6%SR\xdbm\x8cl\x1d\xbc\xeb\x92\tBaqV\xd5A2g+\x1fd\x90D\xd0\xcd%g\xe8\xb9\xdc\x9f\xef\x13\x82\xe0C\x02\x01=W\x8f\xf7EN\xee\x88\xc43\xf6UR)g)#a\x10R\xc8\xcc\x96\xc7\xd7:\xf3Xke\x12DM\xec\x1fS\x11\xa3\x8f^\xba\x18\x9e\xe9o\x12\xa0\xf7\xa6\x8c}\x11%ZT\xbf\xeb5h\x17m\x17\xf6\xb8;\xb35}4!F\xd2\x9f,\xa3\xb7L\xdf\xbd\xafe\xfc\x17t\x0b\xb1\xb1\xb1\x88F[e\xa8\x0e6%\x83r!t\x9az\x7f\xfa\x19\xac:\x14\x9b_\xcd#\xcat\xdb\xdek\x7f.Z\xbb\x81\x8b\xb2:\xe81\xcf\xb6?\xd3\x06\xdd[\xe7\x98\xe0\x87Pes\x7f\x83\xee\xae\xa2}\xae\n\xe78\xfb\\O!T\x82\xd5\x9d9X\xd2\x9du\xa88\xfb\x98\x02W\xb7\xcd\xc6,\xf5dh\xdau\xde\xe9\xa0\xe7\xea\xf2\xfd\x8d\x82\xd8\x0c%&amp;;&amp;,\x04\xf1\xdc \xb3`\x16$\xe9&gt;\x11\x99J\xe6\xefAfoC\x08;\x18:O\xc7\x04\xcd\xccN\x9f\xd2&amp;\x02\xda\xc65\xd7\xa7a\x1f\x15G\x1d\xce\xda\xdf\xfe\xa3\xe4I\xf2\xf1\x8c\x11k0`F0\xd2\xe7\xec\\=\xfel\x19\xdfC\x91f\x8a\x87"\xd8\x8a\xa3L\xcf\x15\xa4[\xe9\x10\xd6:\xae\xbb(\xd8\xf7L\xc1\xb6i3+\xd6\xc0-\xde\xd6&lt;\xf6|m;\xae\x18\xef\xd62\x9f\n#0\xf86\xe6%j\xda\xaay\x19\xfd\x0b\xac\x15O\xf7\xe7EXGSN\xf7\xb0\xfdB\x98\xae\x82v\xb4\xc3\xa6\xd5\x19[\x84\x0c\x9d7\x98\xa7\x9c4\xcbVV\xe8\x81q\xa2\xee\x82R\xd0|#\xaa\x99\xf5\xac\x01\r\xb3*J\xa0\x80\xcd\xbd\xc9\xd2\x18\x8c\x0b\xe8\x94\'\xdc\xbb\xaf\x13\xd4d\xa3\xa1\xfdI\xb7=\xf6\tUp\x8e$\xb3\xc8\xc7_\xe5\x84 3\xeb\xe7\xf22 \\F\x1a!@Y\x88\xca(\x15*\x88\x93\x96|\x02$\xb5\x94qBV\x8e\xae\x86\xca\xa4X\'\xbb\xa0\xf9/F\xf9\xed\x88J\x12Z\x87\xde\xfe=[\xf3\x01\xe3e\x1eW\xa1v\x98X\xc6\xb5\xda[\xf0\xba\xcb\x00\x92\x10\xf3\xe4X \xd3%\xfa3\xd3\x16B\xdd\x9a \x89\xb8\xb0\x9d~\xa2\xb6`r\x07\xb2V\xd3\xba)\xef\x8c\x1e\xcf\x9fZ\xdb\xe0\xf5p\xf7\xcc\x99\xcc\xad:\xaar\xe1\x0e4 \xe3\xbb\xff\x1e\xf7\x13\xda\t\x99r\xa5\x17}\xdcR&amp;\x7f\x82\x03\xe6{[\xc5\xe5\xa5f\xe7\xd0\xae.\xfe\xa5\x90\x05\xd5\xbd\x06\xd70\x82\x0b\xf7\xacs\xdc&amp;\xea\xf8\xd9NP\xe1\xdct\xe5\x8f|\xdb\xbff\x86hl\x15\x93\x9cJ|\xea\xf9V\xf3\x9b\x02\nP\xe7u\xc6S\xe1a\x87\x152\x94\xb3\xe0~\xba[\xf4\xdc\xd6v\x0cA\x99`\xf8S\xb5\xea\xfd\xf4\x7fu*\xf9$\xeaE\x99\xacx2\xdc\x9c\x15JI\x7f\x03C8C\x8cI~v\x16g\x17n\xf7e3\n\xc8\x08\xa0\xa6\x91\xbau\x0f\xa4&amp;\x08H\xf7\xe1U\xc6\xf5\'\xd9\xec\x18\xe3\xa9E\xdb\nF \x9e\xd3\x7fO\x9f\x0b\ng\xebk\x9f\xdckwo\xfc\xba\xcfu\xcc\xa8\x0eE0\x03\xffY\x90\x83G\xca\xa6D\x1e\xe3\xb6\x9f\xdb&gt;\x9b\x04\xea\xc9S[\x94\x1d3\xd2\xbat\xda_\xc3Gg\xf3@\xc0\x95`\xe8\x1cN\x92\rq\xfe&lt;\xe2\\\xba\x80\x05|\x9eKd\xe1&lt;\x1dR\x16(\xdd\x0c\xf4\xb4\xad&lt;\x0e\xaf\'\xe3\x93Y\xaf\xcbT\xce\xd9\xd4G\x1a\xb5\xce*@Fmqu\x16\xfe$\x08"4\xdd\xc2I+\xe9\xa1\xa0\x0c\x90\xcf\t\xb9\x0bj\xb6\xd4\x11\xf2\x9a{\xca\xe6z\x08v\x94\xc98\xc9K\xd8\xb5\xb0\xc5[\x1b\xad\xd3\xb3aG#\xec#\xd3\xd8|\xbc&gt;\xf7N\xa5&lt;\xa6\xa0\xae\x98\xc5\x94\x8d\x0b\x93\xcam\x9f\xdbr\xa3\xd3o\x0b\xe4\xb7&lt;!l\xe1|\xa1H\xf6\x88\xf2&lt;z\xe4\xc6\xaf\xc78\xb4\x07\xb1\xd9\xdc\x9b\x1d\xaeP\xe4\x81\x1c\xa2\xfe\xec\xe6\xc0V\ng\x85\x17\xcazK!\x8f\xac\xcd\xb2l\xfd\xeb!\xcc\xd0R\xb3\xb5\x96\xf1\xbbM\xa4\x8b\xc1\xbbo\xba\xad&lt;J\xc53\xd2\xe3\xf6Q\x87\xdb\xd2\x92H\xf8$\xa5\x91\x85|"\xd8\x89\xa4\xcf\xb6x\xf6\xc4\xe6\xfe\xb4\xe9\xeel\xf9O\xaf\xcd\xfexaK\xab\xd9VD\x1f2Ds\x16\xcc~\xfc9\x9btJ\x85-M\xb6\xd6!\x849\xc6j\x02:[\xd5\x08\xc6\xf9s!\xd4U\xba\xb0k&lt;\x95\x05=\xf7\xed\x14!\xcc}ig\xca\xa3\x82J\xa7\x95(\x8cv\x1cI\x18^\xcaJ\xd9nk"v#\xd4\xd6\x93y%\x9b\x8a\xac^\xc2\xaaog\x9c\x11Td\xf0v\x9e?I5Y\x1d\xa5\xaf\xdd\xe8\xe8\x97s\xe9\x96)\xb3\xaa\x9a\x95\xcc6\x961\xab\xa8hy\xber\xfec&lt;\xa0\x9d\x86~\xcdj]d@\xe1S\x1b*\xa8M\x08e\xf8&amp;\x92\x16\rf\xcb\x98\xe1\xfb{A\xd9\xc0\x08\x01\x8d\xdc\x8a\x85\xd0ok\xb0\xeb\xeb\x10\xa9\x0c]\xd9\xf4EF[Y\xcc\xce\x0bO\xf6\x1b\xf3(\x84\x10^M#\x18\x82*\x80\x1a\x8c\x8fX\xc4\xfc\x99Z\xd7\xf3J\xc7\xc7\xf1\xa4\xfef4\xb5e\xed\xcc&gt;\xc1\xfa\xc1\x1eY\x1c&amp;\x88\xde\xe9\xe3\x1e\xb8\x95-\x88F\xb9:\xeed\xc7)\xc4\xb20S\xdb\xad\xbd/\xb9E\x94#\xac\x7f\xa6\x83\xaa\xa0"]Q\x07\x8bW\x18\xaeXv\x0c\xc7,\x89 \xea\xa0y\x1bN\xcb\xdf\xb6Vvv4\xceY\xdc\x19\'\x9a\xb0\xcf\x8a?\xe3\x94\xfcw^\xb5j\x83R\x01\xed\x9d*9\x18\xe9\xfc\x90mv\xae\xff\xbdVg\xce#\xa2|m^a\xa2/J&amp;B\xeb\xd01^\xa5"jz+\x96\x01\xa2!#\xc7\x16\x88g\xc5\xd1\xb0\xe9\xcb-e\x0b\x90\xac\xd9FC\xf8\xd7\x92\x9e.\xd3\xf03I\x82X3\x83n\x85%\xb3n\xd4\x11\xb5x\x800\xdb\xec\x95`\x90\xee\x9d\xa9\xb3\xb3\xf7?/\xa6\x85\xbb\x13\xcf\xb8\x9e\r5\xe2\xc2\x9d\x01ZV\x8a\xd1\xbbS\xf7h\xb6\xe8\xa1\xf9\xb7\x965\xc7H\x04\x86\xbf\x1d\xc2_G\xcb\xcb\xb0\xe39\xd8&amp;C\x91\x05E&lt;P\x97\xfb\x93fA\x84\x96\x969#j\xbf\xc1K\x1ax1\x87\x0es\x7f\x05\x10\rW\xaf\xe8\xec}\xca\xb6l\xef\x853\xba\xab&amp;\xb7\xbc^\xceTt#\xc4\xce\xe6!\xa2\x0cF\xf7\x0c\xb6s\xbfH\xed\xacIEx\xfd-\xd5\x1as\x1a\xae_E\x87\xd9:\x87+\xb7\xf8\xd9\xe5o\xbb\xa0\x9d\x97\xc5\xc9&lt;&amp;P4\xf8m\x99\x83\x0b\xdbe\x1aMp&amp;:13\x9c/B\x04t\xd9zH\xa7\xda\x13\xb6\xb5\x82\x9c"\x1ef\xcb\x90\xaf{?\xcc\x92\x04\x80\x9a}\xd8\xdc\x83y\xfdv\xae-\xdb\xc1|\xd5\x92\x1b*\xb5\xe3\x98\xb9\xa6(=\x8f\xcf\x9fVf\x81?\xc5@s0\xc8\xc6\x93\xa9\x97\x05@7\xbd\xdf\xfa\xdf\x91\xa2RRK\x1eJ3\x0b\x1e\xe2a\xd7*!\xf0\x01\xfc\xe7\x88|\xa83\xaf\xd7\x9e\x9c\xedPX\xaa\x82j\xa0\x07\x08\xc19\x8d:\x84 \x05\xe3B\x19\xc9O\xb9\xdc\xd6\xc84\xdcNm\xd5\xb6\x0e\xcc9\xdf\xdd\xf2\xb6\xd7\x9d\xa3\xf6\x0c\x11\xf7o\x8d\xac\xf2\xf3(\xa2\xad\x90\xa1\xcdHp\xe5\x93\xa3\xfaB\xc5\xd3s\xb6N\xf1\xbc&amp;\xef\xff\xb6\xa9\xcdXE\xdfr]\xea\xa3\xce\xeab\xf1\x87\xb7paK&lt;A{\xf6\xd96\x98\x94\x1b\x9d\xaf\x86&gt;\x91\x93\xbf\xb7\x16/w\xdbmI\x99&lt;\xbd\xcc\xda[\xed\x1ad&lt;\x9d\xf4\xb9LIw&lt;\x9fH:\xd9\xf3\x84\x0c\xa6\xedj\xa4\xf6|\'\x07g\xf4&gt;JR\x01\xd6\x83sN\x8b\x07 \xb7a\xb8\x8c?\x98j\x0e\x018o\xedO\xe7\'\x84\xcb!\xf6\x9c\x0c\xc3\x80\xe3@\xcf\xfd\x8a\xe51\xbf\xe6\x82\xeee\xe3~\x1bOz\xfffQ\x8e~\xc7\xc8\x9d\x8a^\xefi\x90\xcc\xa9\xec\xb5(L\xc6%Jee"\xd3\xf5s\xa6#+\x9f\xa0\xa3\xf7&amp;\xcax\xcc"\xc4&lt;p@\xb8T\x11L\x0c1n\xe3\xea\x0c\xdds\xdf\xb2"ww s\xe3l\x8ab\xbc2(~\xce\xa4\x04?\x9c\xf2\xbb\xf7y\x9b\xab\xb9\xa4r\x84#\x1f\xbaS\x81\xd6\x83!\xa1e\x03\x0c\xe7d\x91\xb9\xc1\xb9\xd3\x82\x01`\'k\x809M\xec\x17S0\x0f\xcf\xc9\xdd\xd2U\xb3\xe4\x99&lt;u\xf4e\xb6\xa2\xdeg\x99\xda\xf1k&gt;\xf1m\x90.F\xef\xfeV\xf8ZV\x9b%\x04\xbb \xb5\x01\\\x95\xdcOO\x85\x0c\xa6[\xc7Xsze\xf4\xa8v\xca\xfa\x1am\xeeK\x88\xadN\xf7\\\xc8]0\x83\xd5\x84Hi-g\xfe\xaeI\x8c#$\'\xe3j\x16\xfc6@?\xe3\xf9\x80\xeba\x13}\xf6"\xc8\x1a\xab\xf0\x91B\xec\x0c\xab\xd3\xfc\x87\xd2\xcb\xca6\xea\x88\xb1F\xaah\xd0\'\x14\xda\x9cF\xbaU\x08\x11A(l\xads\xff\xde\x03\x85\xd1\xa2\xd5\xe7\x88ie\xed\xdf}\x163\xe2\x08\xdf^R\xad!\x9as\x0c+\xa4gV\ty\x99\xb5LOl\x15\xdaL\x91\xd9\xa8\x86\xb32\tz\xae\xc4\xbf{B\xe3\xb94\x95\xd92\xcf\x82t\n\xdf\xcf\x7f\x82\xed2\xeb\xcbD\x8eX\xc6\t\x8d\xde6\xed\x9d\xa6\xda\xe4\xfae\x8c!\xd7\xe4\x04\xcdv\xf6&lt;^\xc8\xc9+\x8a/4y\xf8\xa9&amp;K\x1fJ(h"]\xc5\x05\xa8fj\xe5\x1c=H\xa3\xdbf#d\xeb\x164\x8aka\xa1\x83\xc9\x0b\xa1\x04\x1c\xa6\x97\x01\xc1]\xd8\xebx\xbe\xa6\x1e{\x84%\xe7\x05D\x18/\x0bz\xa8\xb4\xd9\xe2\x07\x92:\xe5\x8b9\xc22\xd3\xe1&lt;}|\x9e\n\x96\xf3\xbe\xb5\xe8s\xb9l\xcf3\xaf&gt;\xa9\xad\x06\x1a*\xec\x1c@\x8e\xd8J/\x9fTW\xd4\xbfE\xb7\xd1vP\x91\xcd56\xfd\x94\xe9^\xd0\xf1\xdb\x7ff\x9a\x8e\x84\x99&gt;a)o|[a\x8et\x87\x1eu\xbd\xad\'\xdd\xcc\xdal\xd4?\xfd\x95\x850\x97\x90t\xadr~\xc5}\xb6\xd5QW|\xcf6\xdd?\x19"\x06,\x8b^\x04\x80\xf7\xeb\x0e\xb5\\\x84m9\xc5\xed\xfc\x1c\xdfp\x85\x947\xe18\xa8+\xa3\x9c\xdf\xab\xf8\xa6\t\xfflQL\xee\x7f\xa6P\x88r\xc0r\xf7\xa5#na\xe3\x9b-ve\x0e\xb8\xd5\xf1\xdc\x9cW\xe7u\xc4\xb6&amp;\x1bW\x0e\xc6e\x85\x12\x01L\xc1\xb7m\xe4\x1c\x82\x1c\xdcs\x8aj*3+X\x1d\xf5eJD\x8eZ\xa2P\x8f\xc0+:F\x909/\xcc\x85\xa6k2\xae\x9f\xd47\xe08\xcc\x1ctn\x9e\xb2(\xcd\xcaK7&lt;\x1b\xb6\xbc\xa5\xf6f\xb3\x16\xcf\x9ek\'S=\xb8\xf3\x1cj\x88%\xe5l\xd1\xbb\xa0\x0b\x80\xe8\xd8\x10\x92\x97\xb8r\x1eyt{\xd6u\xe7K\xc4\xa7\xa4\xdf9\x97(\x88\xed\x9d\xcb\xd0;\xa2\xb13\xc1\xb2\x90\xce\xe9&gt;^W\xcfN\xdf\x04:\xb6Vc\x9ep\xb7\xcc\xc1\xa4\xde\xe3\x1c]\xf7E\xa4\xd6\xe1\xfa:jq!w\xeb\x1f\t\x11\xdeF;\xd1\xfbY\xa3gt\xe4s\xb0\xb5\x8a&gt;\xb6&lt;\xed\xdeK\xb7\xc8\x05\x87z\x01\xbf!Cu\x06\x85\xdc\xa2G \xceh\xed!\xba\x80\xee\x8c\xf2\x1e^,\xa3\xf4\xdcOok\x9e\x8f|\x8fN\x8d\x99\x0e\xd9i\x9a\xc5\x1fD\xba\x12U\x05a,\xab\x8b\xd2G&lt;{\xc3\xae\x9a\xb3 \x84\x12\xf16\xb7V5\xe6\xe2IJ7\xab\xee,\x88\xb3\xfd=\xb7\x84\xea\xa3\x9a\xd3Z\xca\xa6D\xfe\xb6\xedY(\xa8\x99N\x99\xd3\x04\xa3\x8f{\xd8Y\x19,c\xb9J\xdfk\xddn\xfed\x90\xf6$\x08znB\xf3\xbd\x9c\x91\x1c~\xd8\xf9\xda"v\xd96\x02\xe1\xde\xc9\xfc\xd4V\x81\xf8G7\xf7\xb7\x00i\xeey\xae\xc7\xff\xed\xdb&amp;\xf1\x0c\xe7-\xe1s\xc2d,\x9cE[9l7;D^\x8fSv\xbbx\x94\xb1\x8e\x8f{\x16\xc2\x1c\\\x0bavA\xf7\xe0[\x0e\xb2\xd5\xf1\xb7$5\x90qUI\xed\xe8\xc0W\x8d\xf0WI}\n[\x92\x98\xbb\xa7\xb9e\xb5\x9a\xed\xbd\xa2]X#c2+`\xed\xff\x0c\x95\xabs\x99-\xb06\xa3e\xdc\xfeD\x034mPJ\xf7GJ\x9es\xf7\x96c\x18\xdb\xa1\x9dF\xb3\x02\xe9\x8aQ\xe8\x1b_\xe2\xf9X\x1as\xd4\x155\xcf\x81&lt;\xdd\\\xf7\xb97\x03\xe3\xcf:?E\xd4\xbf?\xa3\xd2g}M\xb4\xd1\xf0\xd1\xb7Y]\xe7?\xb38\xac\x13\x99\xb7\x11\xc6\xb0\x80\xe7\xd4A\x0c\xf6\xb4\xbd\x9c\x84\x1aV\xec\xdc\xa6\xcf`J\xaf\xdf\x01\x9c?\xef\x9as;\xad\xf3s\xb3J\x08K9\xfb\x9d6\x925\xfd\x95\xc1bP\xc8\xaf\xb5\xa9W\xde\x87\xf87\xab\xb6,\xe2\xb9W\x19\xa4o\xad{M\xb5\x0b\xd9B\xbbp3\to\xed6\xdf\xbe\xe7\xc4\x98\x0c\xfc\x03Q\xe4;\xbai+\xbc\xf4p\xf5"F\x91\xe8\xa8\xae\xb6t3\xb2\x1c\xdd\t\xd4\x93\xc78F\xda\xadTV\xbc\xf3\x92\x98L\xf7leH\xa6\x0c\xb1\xe8\x93"\xda\xa6\xa8\xf4\x18E\xcf\x8d\xc8|\xd0\x08\xf5\xc4(3\xf3W\x96\x1aM\xff\x04.\t\x17\xcf\xeb\xf2\xf1f\x95\x97jH\x14\x9a\x85?\xef\x0b\xd4T.\xf8#+\x8a\xf8\x0cA\x0f\xcd\x9b\x88"[\xe6\x0fe0\x0bb|\x9f;\x9b\xbb\x9d;D\xea\x18S\x0b3C\x9fS\x02\xfd_a\xac\x02\xe4r\xd9\xc6\xe8\xa6\xf5\\F\xa6\x7f\xe3N\x8e\x9f[\xff\xc3\xcex\t\xf0 e,\xba\xcc\xc1J\xe9e\xb2\xaa\x99\xd5N\xa4\xda\xb8\xee\x0e\xaa\xbam\x0e;\x99F%eX\xb8\x80\xe0L\xfe\xb6L\xf7\xb2\xd0[\xd4\xddu~\xc4\xc3\xbd\x9d\xbc,\xc7T\x97\xa0}};(\xea\x16&lt;\xaf\xa9\xfb(\xecfn#\x8b\xf16\xab!\x8f&gt;\x04lPRO\xe7x\xabbC\x1d\xcf.eV\x1bL\xd7\xb7\xaeU\xfe7\x9c\x81\xccO1\xba\x8c\x8d\xb5g\xeb\xf9Xf\x9e\x9d\xfb\xe1\xbb\xe8\xda\xd4\xcf4\xd24\x9e,O[%7c\x88\xac"r\xbd\xfe)\xb0\x8d\xba\x870\xfa\x93[Bn\x07\x90-\x92}\xaf\x9b\x92[\x81\xcf\x1d\x9f\x15\xc2l\xcd\x82,a!S\xe9\rD8\xd5\xdc\x0eQOmH\xe1t2f"e\xcb\x16\x99\xcf\xb1\xb5!\xab?og\x8e\xe9\xcf\xe0n\xed\xedz6wI\xf1\x83,\xdc\x19\xea\xcd\xc0x\xb4\xa7\x01\xdd\x1dV\xbb\xd8\xb9O\xed\x11\xf3\x85\x19\xba\xef\xb0\xe4\x9f\x0c\xf5#\xae\x1e4q\x17`V\xe2eX\xb3\x19YD\x0f\'wM\xcf\xaa)\xf2\xc4\x05J\x88\xda\x02\n\xcbTf\xf0\xe1\xc6T\xc9(}\xdaJ\xe9\xa9\x96\x91&lt;\xb2\xe5?\xc63\xd1\xd6\x96\x13\x022\x93z8!\x99\xc9@\x06\xff\xe6\xd8\xfd\x8c?\xe2\'\xa3\xe2\x10\xfai\xc4\x1b\xba\x9d\xc6\x08fZ\xc4\x18\xf2\xfdE\xd2\xa3\xb1\x8c\x95\t}j\xa9\x1d\x96\xcf\x03\xf329&gt;\x1a%d\x88\xea\xacOg\xbb\xc6\xe6{^Y\xcd\x11\xcby=r\xdb\xbb\xf8\x08\xa1\xb1O]\x85&lt;\xe9fE2X\x8f{\x0ews\xa4XR\xba\x8d$zlCj\xd1\xab\xc8\xacs\x8b\xe1q\xf7\x19\xa0\xb9\xf0e\xfb\x1c\xc2\xec\xdf+r\xa6\x8f\xbe\xec\xe7\x11\xf6\xb0\xfc\xf6\xf7\x92\x94\x81\'\x01\xb9\xda\xc8t\xc9\x96\xdc\x95\x9d\x8e\x95\x02=)7\xb3UD*\xe6^G\xe4\xdd?[\xa6\xce\x1c\x11\xff\xe6\xcf\x08\xc4\x8d\x1e\xe4\xc8z\xe6\x0eR\xce\xfci\xa4|v5\xe6\xf8\x7f\xe6\xdc9\xe5z\x0e\xc0\xcd}9/\xa8QW\x98\xa9\xad\x11\x0cZ\xc8\xa6\x8c\xf3\x7f\x96\x167Y:\xc6\x95\xa3JY\xa9d\xf7h\xe4\xba\xc7)\x18\xbd\xb0G\xdbu\xae\xe4\\n\xd3\xf6{^\xec\x9f\t\x17$\t{7/\x81l\xef\x9f\xff\xc4\x90\xbd\xbd \xd0,\x00\xbay*_\x9f{\x13A\xc2`\xdcY\x04M`\x02}\xc8\x10\xde\xcc\xc4\x19\x94f\x1c\xe1\xd7}\xe9\xab\xf5\xb4\x0b\x17z\xff\x16\x01\xb6\xfc\x9f\xf5/\x87\xda\xc2\xdaf\xb5P),\x04\x94_zM\xb5\xff\xec\xc6\xdf\xee\xe5\x06\x04\xcf\x96\x1a\xb6\xb4t$\xd1\x9d\x15\x91\x9eK\x1d\xca\xc4\x95V\x06\xbd\x19=\xb9\x1a\xdd\xf2\x83_\xb3\x04\xa3\xa0|(\xc1\xcc\xb2\x99+2\x9fe\x04\xe2\xb4\xdc\x9a\x0e\x1f\x85\x1b\xb6\xd9C\x9eU\x8b\xa7\xaa\x92\xe6?\xd3f\xe6\xdblLt\xdc\x9f\xb9O\xa6{\xf9\xe3|\x96S\xb9m\x0c\xa74\x8b\xdab\xd3p\x9e\xb7\x9c&lt;\x13\xa5\x97\xf9\xe1sV1\xee\x9dF\xcb\xcf\x95\x9bk\xc9\xda\xde\xc9RNJ\x90\xae\x84n\x9d\xaf\xcf\x8cw\xbe\x9f\xd9\xc6n\xd3IO\x15\xd4\x93\x14\xc1\xf6o\xaf5N\x13Q\x90BQ\xeb\xc96\x96&gt;?\x91q\x82\xaf\xa9\x87\x93c\xd0\xad!\xc9o\x9bOm\x81\x88\x0b\xe4\x15o\x17\xd3\x92\x02k\xe1\x87\xd7\xf4\xe3\x02\xba ,=\x84\x17\xa1\xb4h)\xa3\x0b+\x13#\xf1z\xc0\xa2\xefN8\xef\xe3\x967\x82\x16\x81u|\x13\x87?\x13\xfb\xd3s]\rI4\r\xf8\x9bmr&lt;\x95!\xf9v\x16B\r\xcc\xb9\xe20[\xbbm\x7f\x99\xcaDk3\xca\x0c\xa1\xcd\x98t\x16\xbd\x99F\xb0U\x19:\xf5KSmy\xc4\xb2\xb9\x96[:\xc7\xdb[\xd5\x06x\xc2\x8c\xf4\xa7\x93\x8eWl7Y\x8f\xc8iO\x16\tp\x9f\xb7\xe3\xcd\xf0}\x9b\xa7\xe6\xba\xca\xee8\xd3n\'f\xce7\xb2g|\xe7\x94\x03\xc6F\x84\xc6\x82P\x01\xa4g\x82\x9c\xc2\xaa,\xdaY\x97\xcf$\xda\xae\x9eg\x053t\xb8\xca\x10[\xefS,\xf5\x85hD\x8c\xdd\xf7\x805|\xb5Z{b\xa9\x8eVW\\\xb0#\x115\x0bv\xa8\x00\xb7\xc7yym\xd7k3\x98\xee\x82\xee1\x04\xd8Q\xba\x85\x0f\x96Q\xe9\x81B\r\x1ay\xbd&gt;\xea\x8ae\xa0\xcd\xbc\x12\xbb\x19\x0b\x02\xd2G\xa0\x99\x0f2\x1e\t\x8b\x1eY\t\xb3\xf0F\xda\xecJD\xaa\xb3C\xe9s\xcdTg\xb6\xc395\xa9\x8e\x19\xcf\x87B\x19f\xf0tl\xef\x7f(\x9d\xc8i\x076\xbfc\x1d\xbd\xf4\xba"n&gt;\x9b\xa6lgc)\xcd\x8d\xc5\xbc\x1c\xe7\n\xd6\xaf\xc4r\x9b\x8f(\xc6\xb3\xa6\x9aN\r\xads\xa2\xa3\x86J\xeb\xb9\x83\xcb`\xf5\x04\xd1\xb3\xce\xc8\xd7\xb7~S\xb0\xb7w\xd5\x17|\xce\x07S\xb6\xfa\xf2\xbcW\x1d-\xcdJ\xe4\xc9hc{\x7f\xd6f[\x8d,\x9b\xb2\xf3\xdf\x85\xd3\xb6f\x9b\x12\xba\xdbI]z\x8e\xba\x0b\xd4)\x98\xa3\x0bOa\x86z\x11\xe7\x08Z\xce\xb0=\xdb\xf6\x10t\xb7\xfa\xde\xa6\x0b\xb5\xb1\xd5\x82At\xb7\xe2@\x87\xf3n\xfd\x9d\xc6\x91\xc8\x0b3T&gt;e\xf4\xb4"\xa1\x9az\x08q\x00b\x1c(\x15\xb4\xf5\xef:\xb1aV\xbb\xb1\x899\xfa\xb0]\xeb\xc8\xf05\xa3\x88\xe34Os\xdd\xef\xf5q\xa5\\\x98\xf9#(\x1d\xe3\xb6\xdfmR\x00\x11\xd8\xcdQ\xa9l\xf7\xe7~\x9d\xe3\xcf|/j}\xb2k&lt;\xcfF\xd0\xf8\xbc\\\xcc\x8b\xca\xcbl\xfdf\xb7&gt;\xf4\xc7\xb6\xd1\x0e\x8eO\xa4/X&amp;t\xf7\xb6\xb3\xbeV\xe9\x9dm\x9b\x81\xcf\x00\xea\xc9\xae\x84+\x92Sh\x7f\x1a\x8a\x88&gt;\xc7_s\xfds\x1fc\xc7V\xd8\xdb\xb0\n3\xd3Y\xef\xcb\xd4oo\xa9Rz\x94\xdd0\x90[)\xdf\xa2\x18J\xc3\xb1\x94\xb7nB\x99\x17\xcd\x1c\x0fy\xac&lt;\xd6\x92K\x17`?\x95uG\x9d\xe0\xbb\xf5\xc4\x82o\xd9\xa27b\xed|\x86\x8d3\xc0t\xa1\xca\xde\xdf\x14\xf1\xd7\x19\xc19\rC\xd0\xbb\x1d\x96\x1c\xf0\x95\xbe\xa7?sM\xa8\xe2S$\x15\x14/\x9c\xe3\xc9\xf9#\xd38\xb6\xa0\x9cN\x93P\xba\x11\x9b\xc9\x8aG\xc9\xc2\xe2s\xdc\xc8\xfb2\x82\x0e\x8c\xf9u\xde\x91t\x0fN\xa1:\xa9\xfc\xec\x1a\x84\xb2\xcc\x08\xa0sM_b%=\xe5\xfdsu\x1a{*\xad\xb6\xe5\x9co5\x1a\xd0\xad&gt;\t \xa4\xc8f;\xa1\xdf\x9bA\xc7|\x8cEV*\xbay\xd2\'$k\xcd\xfc9\xf5C\xa2\xbe9\xb1v\xd6\x9ceS&amp;\xb7\x98k9%|\xb6\'[K\xde\xc8\xa1\x92\x1c\xf9\xcc,\xba\xf5\x0e\r\xd2[\x1b\x1e\x8ac&lt;\x1fG\xf3\x87%\xf7c\x1a\x19\xd7\x9d\x19]`\xdb\x04\xdfM\xa0-\x08\xe7\xeb\xeb\x8e\x00vx\x92\x8d\x1f\x1a!6\xc7" \xb6L\x94\xbdfW\x9a\x8e\x1a\xa4\xc3s\x1dk\xc7\xc6\x00y\xd5\xc1|\x00!\x96\xd7:\xad;\x192L\xae=\xe0\xebYd\x9e\x16e\xc9.\x8dp\xf4NS\x9d\xf3\xfcdxkW=\x0er\xdeL\xc4L\xc6\x9c95\xdf\xfb\x13|\x90\x91_~\t\xc6:Ta\x96\x84\x99\x8f\x029\xc4\xb1O[\xc5\x96\xd1\xc5\x9c\x10#\x88F\x1dyT\xee\xfce\xa3\xe4}Y\x82@\xb1\x8f5|\xb4\xf3\xb0\xc4\xbb.S\tF=\xce\x18\xf3\'\xe7\x1cE\xf9\xf7\x12\xdf\xb8\xd6\xd2\xf6\xd9\xf3VY8%\xce\xf6\x13pg\xd8\x98\'\xb4=\x83?\xf7\x8aW\xe2 \xc0H*\xd9\x06\x95&lt;9fK\x03wDZj;k\xf8\x86\xef\xbf\xafx\x96[M\xac&gt;{\xec\xb1\x0e\x1e\x9bU\x16l\xa5~\x87A\xf6\xac\x00J*\x17\xa2 h\x176UL@!%"\x05\xd5&amp;\xb1\x15@\x0bEt&lt;3\xdb\xcc\x82\xbf\xbdeN\x81\xb5\xf2\xe5\xac\xfc\xb9`l\xad\xb0S\xf5\x9c\xaa\xde\xe6\x11\x9e\xf2\xac\x1fJ\x12s\x93-q\xb6yL\xf7\xe6\x96H\xad\xe4\xfe\x9e*\x13\xaf\xb3NW\xcf\r\xd8\xad\x7fd\x81\x9e\x9a\xcd@\x80q\xbd\x9c\xf47\x94T6\xad!\t\xc2\xd8\xd4\x92\x99\xfat\xb0\x92~f\xa8|\xfe\x13\xf6q\x8e\xaf\xe7O@?Fg\xd8\xf4\xe5\xbd\x00\xcf\xdc\xf6,VOR \xf3d\x9eW:\xa1\x9bOK:\xd9d\xea\xd1v\xabGF\x12\xbe\t&amp;\xc7HOY\xd3,B\x1d-\xba\x98\xe7\xe8\xbbO\xb1\x0bzMO\x9b\x15\'\tw\x19\xcab\xc1\xe1\xbd\x0b\xba\x8c1\xfar\x16\xe4e\xc1&gt;ja\x04\xe8\xec\x9c\x02\xa1j\x17r\x04).\xc0\xa1\x04\x1an\xcd\xfb\xd8\\\t\x8c\xdf\xc93W\xf0\x85\xe8\xa0Y|\xc7\x15\xc3$\x96y\xce2\xc3ge\x14|\x9ay\xe4\xc9.\xe0&lt;\xff\xdb;\xb3\x98\x9f\xf2\xdd\x9c\x14sZ\x8flF3\xf7hk\xba\x1cSz\x8dqH\xe5\\\xdbL\xa3y\xe6\xbc\xc6,{\xca2\x8b\xd1\xa9\xd6\xda\x9e\xd1\x96a\xee&lt;\x84\xad\x15p\x9d\x9b\xeb\xdb0\xd3\xb8?O\xca\\b^\xce\xd8\x9e\xfd\x15\xc3\xdf\xae\x9b\x06\x19c\x8d\xda\x8f[\x8e\xc9\xd9\xb2R\xfe\xf8\x082q=Gn\xa6\x9bL\xe4&gt;\xads\x06f^^\xc9\xd3\x1dGnF\xcc\xdd-\x83\xa9E\x17^\x88M*\x1d\x96\r\xb5\xb0\xc0\x08\xc6\xb9\x12\x80\xd9\xc2[\xefzF@\xef\xacoQ\xce}\xb2K\x11M)\x92\x92LT,%\xb6\xd3\xa1tan\x8e\x0c\xd4\xda-\xfd{\xd8\x9ax\x0b\x9d5\xcc\xc8\xe1(\x89\xeb3O\xf9\xa7 \x1b\xaa\x83s\xad[\xc5\x1c\xa5\x8f9\xf4\x8f\x8fL\xa7\xbf\xa2\xbe\xccC\xf3\'\x94m&gt;&gt;\x83M\xd9x\xf6\x9cb\xc8\xd7\xcb\xd4\xef&lt;\xe6s\xfc{.I\xd6U\xdb|\'#\xafl`\x96s\xcc\xbd\xed\xd89\x0b\xb9}&amp;B\x08\xb3\xf8\x94\xcd\x84e\x1b9\xb7\x95s\xdd\xe6\xeb\x19\xbe\x84\x98\x9d\xf67\x0bS\xceq\xb3\xc9\xc9)!s\xdfs\xb2\x8a\x8bO\xac\xf8\x9f\x7f\x7f\xd7lON\xadR\xb0T\xb6\xe5\xe1\xa5\x85\r\x8aC\x0c]\x0f\xfb\xd6\x13\x0b\xa8E\x0e\x9c\xe3\x01\xbfg\xe2ji\x1d\x0b\x95\x1dv\xba\xddB\xbc\x82a\xd7{\x13\xee@\xb4\x0e2\x8e]nt\x03\xac]\xc07\x8e\x8d\xd3mD\xa3%Q\\\xe8n\xbe\xe3\x952\\u{\xa6SX\xb4_\x9f\xe7A$@\xaa\xbfn\xca\xd1L\xee\xc5\x0cng\x96\xf7\xbe\x8c&gt;1+\xfe\x08\x84\xce\xe2\xe2cZ\xc7\xf7Yl\xb7\xfc\x12\xe5gnu~\x88\x91m\xa1x\xee\xcf\xbckqv\x13\xed\xd3\xd2\xfd&lt;6R+\xc1A:]\xcb\xa8\xd3{\xb1d\xbdvN\xa0g\xed\x12\xdbD\xb7\x02\x16\xefk\xcbV|\x0e#\xe4\xa5\x8cx2\xda9\xbd\xeb5\xce\x87\xfd9\xa1\xf3s\xda\xc9\xe3\xac\xec\x9fi\x7fy\x86\x95\xe9d\xd7\xe8o$\xb6\xce9N\xdbWG\xcd\xfa\xd4\xff\x8a\x13t#8\x14\xdea~\xaf\xe9\x96IL\x18l\xb9\xc7,\xf1"\x85:\xf2\xda\xa3\xa7\x0b\xb1\xcf\xdc\x83m\xfec\x8a\xa1\xf4\xec\xb8\x80\xe7\xde\xbe\xc1\xfb\x8e\xd1$\xd9\t\xe9\xe3\x97\xa0\x17n\xec\xc5\xe7\xce\xd6b\x07\x03\xa6i\x92R(\xfd5JM\x0b\xad\t\x14\xec|x)\x89~\xc2\xd19B\x04\xed[EG\x16f\xb3\x8d3t+\xbf\x12\'\xd4\xe5\xa0\x15\x89\x1e\xb3Yy\xb2\x05\xcd\x96;\x0e\x04\x8b\x99\xca\xf3\x9b\xf1\x97\xab\x0cR=\xdbX\x81\xcf\xe1\xd6(\xca\xe0\xdb^\xbb\x1f\xc9\xb6y~\x98\x93\xac\x00\'A&lt;5gy\tS)CI\x87\x0cJGi\xc6yK\x16\x9a\xb0\xc2&amp;\xa2\xf3\xf0r\x89\xf3\xc1\xae(\xe9V&lt;\xd6\x89s\x1d\x911\x1e\xaa\xe0T\xc1\x9c\x19\xef{|\xcei^\x88\xa8\xb3\xf6\xca\xbc\xcd\x8cC\xbe]\xbd9K\xed\xb4O6\xd6y\xa4\xf9\xf9P_\x99e\xcc\x1a\xdb\xc7\x03\x8d9\x8b\xad\xa8\x0bt\xd8\x98B\xf8\xe6\xbe\xb4f\xd9p\xf4@\x9cg\xbf\xc5.5O},\x12)\xb2M;vQE\x85\xe1\x8b\x8bt\x08\xae\xc2\xda\x99\xce"\xec1\x12\xb1\xca\xc6w\x15\x83\xdcv8D\x19\xd7\xa4#\x03\xef\xf7\x98\x0f\x11"\xc70-\xe7*T\x81\xb5\xb7\x979\xc69i^\xc1\xb1;1\xbb\xf9\xfd\xbf\xa7\x10z\xfb\xcc6u\xf5\x9c\xa2\xd0\xf4o\xb6\xb1%\x95=u0\xce\x7f\x9c\x96\xa1:\xbcvG\xaa\xc5V=\x06\xcd\xe2wnc{}\xd3\xd9\x99\xcf\xc6\xcaG1\xe8\x9e\x9b\r-\x96\x8f\xa2\xcd\xcc\x1a\x03&lt;\x8dZ\x9f\x92v\xd6\xb9\xb3\xc0\x7f{A\xfbvb\x18\xa5\xa2\xe6\x9cf!\xa9\xcc,\xd8\xe7\x10\xc6\x93\xa0Z~\xe6\xfc\xa4\xce\xae\xc9yK\xf2\xe4:b\xef\x98\x95\x0e\xa1\xf5S\xdc\xec\x13\x96|\xdenj\x82\xee\xbb\xd3\x84}\xf7\xd5\x15_\x86\xf3\x0c\xba\xbe~\xd0\xab\xac\xd2\x1d#\xa1\xafi\xc7Hk\xe9g\xe9\xb4\xbe\xa5\xb6;\xd2\xa5k\x04A\xe9\xa8\x7f@w\xa3\x84P\x8b\xf8\xbb-\x06\xa4\xf7\xd15\xe9\x98Igc\xe1\xb4\xcf\xcbV\xf3\xbc\x9es\xfff\xe3\xe1\x7fg\xeb\xba\xb5\xd3%\x89\xce)\x86\x9c\x817\xb8`\x9dK2\xcd8n\x1b\xcd\xdf\x96=\xefv\x9e\xabo{:\xcc&lt;f\x97\xcd\xd3$\x99\xac\xb4\xa2|\\\x19\xc1\xb8Ykf\x91\xc8\xe1\xfd\x08h\rx\xc0\xfc\xc2\xa6m\xac\x14\xcc\xaa\xae\xe3~\x94s\xb1\xf4\xba\xe6\x03\x1fa\xd6e\xf3\xd0jR7\xee\x8f{\xcb\xdb\xa0\x86?\xfd\xa4\x89\x08\xb2\x94\xde\x8f`\xcc\xa0\xce\xac\xd9\xb7\xe1\x11\x87\xb9\xa4\x8d\x1e^:\'\x97\xb4A\xcf- \xb4k\x15_\xfe\nh\x9e\xc7\xec\xca\xa9\xf6g\xe6\xbc\xf62,\xbc\xaf\x94/\x92GF\x7fM\xa4\xb3o\x84\x16{\x10\xdd\xa8(:\xa0\xb5\x94\x18OEX\xc5|m_QhC\xd0\xa3\xdc\xaaPL;\x84@H_3\xf6\xf5w\x18\xda\xc1QCQ\xd0\x01_\xb3\x89\xd9\x8aZ\xccOX\xb0\x0c\xb8\xbdT&lt;\x13\xcb\x94\xce\xb7%\xdd\x8b\x84\x19\x12\xef\xc8(\xef\xe9DJ&gt;\xbb\xc5\xb3$\xca\xf4\xcc\x8c\x8e\xc70\x87\x00;\xdf\xe4\x05\xd6\xd3\x8c\xb8\xa8/\x8c\xae\xa7RoMO\xb8\xcdN\x8fH\xc1r\x048\x04\xfd\x9c\xe5\xc9It\xa1\xb3|\xf8O\xb6\xc6Y\xbb\xcc\xd3#S\x99\xf8=G\xadO\x9f&lt;\xf79\x0f\x9a\xdcRo\xd9\xe2\xd4\xca\xa6\xc8\xef \xcbi\xffg\x8c\x90-O\xa6E\xef\xf9\xa6;~ A\xd4\xb4\r\x99\xc4\xbd`\x16\x8f\x96\x87\xdf=\xb7\xeb\xa5"(\x97}\xf5\x9c\xea\xca\xa0\x85\xb55V\xe5\xa5\xef\xa1V\x90\xc2\xb4\xddR\x10\xe8\xfa\xaa\x8d\x98F\xe4\xcf\xc5\xab\x95M\xe0\xad\xbe\xee\x0fbIV\x92-F\x03\'\xc2\xd8;\xe1#\xf2&gt;\xf4\xda\x8f\xc9\xa4\x9d\xf2\xe3&lt;G\xf3l\x04\x85\xb7%2\x0f3\x95\x8e\xfbQ\xd7\\&amp;jO}\x1a\x07R\xceH#\x1b\xb0\x13\xcc\xa1\xce\xe1\x19\xa7\x9c\xef\xcfi\xdb\xf6\xd7\x16\xc2g^\xd8&gt;?\xf7k\xb8p\xd1\xe5\xcc\xba\xf9\xa1&lt;\xa8\x0c\xf13y\xceY\xf2\xf9sF\xd3\x119U\x96o\x17\xd7O\x8e\xf0y\xc2\xf7aM\xd3\xb0\xb6\x9f\xac\xf5\xcf\x11\xf6t\xb9-\x93X\x133\x9c*\x91y\x84\x1b\nh\x8aR\x9fi\xd7\xbf\x19\rb\xda|\xbd|I\xe3\xf1\x89\x9d_h\x1cp\xde\xfdr_S\x9f_u\xac\xe3\xd9\xac\xa0\x9a$\x86q\x01\xeep\xde\xac|\xa3\xa5\xf175\xabK\x11\xea V\xe0\x93\x01\xe35\xd1Z\x82\xfeb&amp;\x9b\x8c\xb8\xb6Ka\x1e\x90\x1aV\xdf\tIV\x91A\xb9\x98\xb3\xa0t\x0e\x91\xe6\x15\x8d\xa0\xb5\xff=\xa3\xb2h\xcb\xe7\xc2\x97QC\xc4dd\x8b\x86\x95\xf7\xf9\xc8\xfc\x15\xb5@\xe6\xd5\xf8+\xc6\xb0\xe5\x8e\xad2\xcb&lt;\xbeU&gt;\xf9\x13\xeb)\x99BV~\x89\x9dU\xf6pN\x98\xb1\xce&gt;\xc9&gt;{U^\xf1\xb9\xd4\xd1\\\x8eQF\'b\xc6\xa7l\x9e\xcd\xaa\x05\xe6I&gt;\xf7\xc9\x80L7w\xfc\xfe\xacfB\xa8\xa3\xad\xbay2\xa3\x8d\'+\xba(;kw=)ew\n\x19\xc3\xf8\x13\xbe\x82\xeeB\x19\xeb\xe0N1\x17\xcc\xd2\xeb\xd8nI-\xa3\x9c\xd5Y\xb5\x8fR\xfa\xfa|q\xe5U\x90\xae\x88Z\xbfG\tF\xaa\xc5\x14\x01\xad\xaf\x18h\x87\x88\x03\xba\xc8P\n9\xf9\xc9O\x80\x11\xca8D\xd1\x87\xaf\xcd\xbf\xf41Ko-\x1d\xe48\x84Cz\xb0\xb0s\xa0\xed\x18\x98\x17k3\xb7Epm\xf6\xfc\x93\x1a\x9a\x9e\ne\xa0\x83\xf2m|O\xdd\x1cOd&gt;t8\x9f\xb9w\xde\xb43o\x15:\xc7\x0b[U\x93M^\x1e\x0f\xa9\xbc\x9c\x8c\xd1\x9f\xc8J \xe4$\x16\x0e\xd3k\x93\xb7"\x00\xf1N\xb3m6\xd7\xa9\xf5\xda\xc2\xfc\xcc\xba\xdb\x0e9\xf1N\x15\x81l\xfenc\xd03\x81\xce\xc3\xa5\xdc\xa7\xcc\xecs\xcd\xd1v;s\xf5\xbc\x00\xc7\xe7I\xeb\xf8\xb3\x80\xe7&gt;\x0b\xa1\x18\xb2\xd6\x0f\x0fl~6\xac\xb9\xfb\xe9~\xc7\x05\\\x883\xe0*\xe7\x04=\x1d\xf3,a\t\xc7\xea\x81\xa4\xb6z\x1a\xab\xcb\x9e\x1b,\x91\xf8;2]\xa5\xfb\x9b-*\x195\xd1#\xef]AHBO=7~.mk\xeaJ_RS\xa5h\xdaw\x91\x84?3{\xf6\xcb\xcf\xcd\x98\xbf\xca8\xe6\xc1\xa8\x9e#\xff\xf1\xdc|\x9ce^\x98\x8d2\x9d&gt;\xea\xd7c\x01\xd6\xcbh\xaa/x+\xf7\xdd\xd3\xcb\xb7\xe1\xc7&lt;:O\xe6\xcaf$\xa85K\x9cL\xa5\xb6\x060\x1b\xb4\xac\x10\x08\x8b\xec\xdf3+g!\x9b\x05\xd2\xb5\x8b[b\x99\x9a\xc8\x83\xf0\xfb\x85\x98\xa0\xb9T\xfe;\xca\xcfmo?\xb3\xaay\xef\xb2\xb9\xd5-\xf8\xf6&gt;\x95\xd4\x7f\x9dh2\x8fg\xbev.\xab/\xd3\xaeM\xedI\xaa7OP\xf4!\x18(,\xf7\xecZ\x99\xa0\xc7\x06\x96\x10r\x99\xe0\xf9T\x9f\xc8\x08\x9a\x8d\x9f\xa2H\xc9\xd7\xfb2\\1\x04\x00}\xe9\xac\xd7\xa6&amp;\x99\xb8\xc0k\xb7l\xa5\x18\xa6\xb7g\xd4\x02q\x15\xa4B\xa9\xae4\x94\xe2\x95\xa1H\xdf\xcf\xee\x04\x90\xaeYD\x82\xca\xa7\x072g\x05\xef\x82\xadC\xf8\x02\xf1\xcc\x814\x7f\xc6\xf9\xf5\\}\xb9\xfc$\xe4\xe8P:[^\x90\xcd\xb3A\xf3,f\xb3\xecx\x1f\xa2\xae,km\xfc\x1d\xc62\x0c\xc6\xf6\x15\xe7g]\x9f\xe9\xbb\x8e\x1e-2ya\xce\x98ay2\xc0\x08\x9f\xe5\xd4\xe2\xb9\xe6|\x92\x98\xc7\'w\xcc5\xd3\x16py\xab1\xf0\x18\xdc\xbcS\xcd\xdf\x8c&amp;\xd0w\x0eE\x1a\xee\x1ep\xec\x00\x00 \x00IDAT\xc4y\x02\x04\x91&lt;_`\x86E\xe72\x8c\xbdW\xa7\xe7\xb0;\xe93\x94\xcb\x10*\x0b}\xf8t\xa7\x93\xe3\xcc-\xf8\xce5\x17\xf2|7\x04?[\xf3\xd3\x8d+\xe0^c^B\xf4e\xb0"\x1a\xfe\xf9H\xe2hPc&amp;T\xf2A\x07\xc6\xecUz\xec\xa4`\x91\xf9&lt;\xbc&gt;\x10\x0f@\xe6\xe5\xbd\xb5/\xa9y\xf8\xb9\x14\xa1\x1d]\x91$*\xa5\x89\xf2#\x9ecu|;\x1f\xd9\xd8\xcc\xa7\x98\xe7\xaafh\xec4\xce\xfc\xb4\x85\xf6Y\x19\xebI-1\x0f\xdb\xfe@\xc6\xac3\x06\xd6\xc1o\xe7\xdfA\xb0\xbd\x96\x15P\x0eB\x861\xb61oS\xb13\x86\x8c\xd8BA\xfc\x84\x99\xb0\xe2YX\xdf;\xbc\x96\xab\xcd\x9a2\x97\x0f\x01\n\x85q\x1e\x98\xc8\xd4\xeaV\x99\xe8\xe6\xf7|}k\xed|\xa0\xe7tp\xce\x81\x92\xd4\xb7-\x121\xe2\xba\xd2\x83\xac\x90\xce\x0b\xf0L\x99s\xb5\xfa\xbd\xa0EV/\xb3\xd0\x87\x00g\xf8\xe5\x11v\x9e`\xcd\xbd\xe7\xd9\xf7O\x0cZ\xb4\xff)\xfe\xbf\xfd\x96\x86\xe5\xae\x1bL\x15\xac\x9c\xa8\xd0\xb4\xd3\xa0\x0b\x9e\x8a\ty\x01K\x9c\xe9\xd7D@\x8a\xa0kC\xb4\x06=\x8aZ\x86\x9f\x06\x97\x89\x08e\'\xb4f\xed* :G\xc7\xf3\x0b=O\xa98\xcf\x07\xe4\xe0\xa3sP\xb6\xfe\xa7\xf9\xe9\x19U\xd9\xf79\x05%\xb8z{^\xc2)\xe8&gt;\xc7\xf9\xf6\xf7y\xd9\tA\xe4,\xe7\xcc\xfc~*\xe4^C\xe46\xc6\xb5\xe0\xa8y\x91y\x89\xe0\x892\x93\xc8+Wf\xfd\x955!\xcc\xab\xef\xe7\x07\x15\xac\x97\xf1A^a\xce\xc3\x8c\xb23\t\xf2\xeb`\xf3\t\xe1aS+\xb3\xe8\xe6\xf6\xe7\xe0F\xee\xcd\xdc[\x0f\x91y\xbaj!\xcem\x0f\xcb\x1eBR4_\xc9V;\xe7r\xb9\xfe\xdd*E?P\xaa%\xb8\xdd\xe10\x91\x08\xb3\xa6\xb2\xde+\x17lOk\xf5\xd5\xd5B\xb0\xc3x\xc1\xb1(c\x89\xab\xb8%5k\xa9};i\xeb&amp;_\xdd\xf4\xf7\xa9\xa9\x07\xf3OK\x97\xc6\x81\xb6J\x1f\xf1\xe2I4\x9d\xc9\n\xa84\xa4Y0NE)\x0bp4a\x12\x05-\x8dR\x85v\x04m\x8a\xb4&gt;c\xaa\xb4\xde\x86\x8a\xed\x96kDxT\xfa\xdc\xd3g;\xb2:}\xdeZ\xbf\x1e\x87|\x04\x07k\xa2\xff\x8c\xbad\xd4\x9c\xe7\'8\xc4y\xafu\xfa\xe6\xf4k\xffl\xc55\xd0j\x94p$\x90\xadn\xdc\x93M\x0f\x83S\x95\x9c\xac\x1b\x99.\xf1\\|"\'`6J\x0b\x9a\xa1n\x8e\\n-\xf3\x9f\xff\x93\x89\x17\xb0;\xfe\x9e\xc9\r\x99\xb4s\x9b3\xd4\x95M\xc9\xf3\xb6p\xee\xc7\xb9\xef\xe7\xfa\xeb\x9fy\xe3\x89\xb7\x9b\x83\x82\xb3\x8a\x88\xfd\xd6Y\x0b\x1b\xcc\xf7(\xf1\xb9\xde\xcdA\xb9\x99i"/=\x12d\xec\xbag\xb8y0\xee\xf4\x9d\xe6\xe7\x97\xf3\xb4[\\\xba\x05\x97\x91$\xe3)\xa7\x05A\x8b\x06\x94\xee\xd2UwB\x13\xa5\xf5\x88y\xeb\x815ug\xba\x84E7\x8dP;\xff\xacvJ\xac*\x14\x0b\x91)=\x01G\xb4\xa7\xe1\x1a\x82h\xc5$z\xa5\xd1\x1a\xd4\x9e\xbd\xe3\xc1\xabs+)\xf3{\xe9#HW\x12\xafd\x85\x9e\xa3\xf2\xfe;\xaf(e\xec\x13\n\xe5&lt;\xaf&gt;)O\xe3\xb4\x8f\xdb\x8f\x9e\xf9+;|\xe7&gt;\xba\xf9~\xce\x05\xccH\xc4\x0f\xf0pcj-,3\x04\r\xb0\x10\x04b\\=\xd7\xd9|u\xcb\xb0\xb9\xf1Yul\xa7/{%\x19\xd2\xe4AY\xd9\x9c8\xb0\x15\xe4\xb9\x97JLT\xec\xf5\xce#\x08\xfd\xbd\r\xba\xe5(m\xee\xd9f\xf2\xf4\xdc\xd7`$\x13\xb0\x88w\xcenQ\xfc\xdby\xdf\xbe\x13Lh\x82\x1c\xc1!w&lt;,*o\'\xd5e\xe8\x9e\x19\xce\xa1\xec\xd8Y\xd6oZ\xf0-@\xaf\xa7\xc1\x82\xa0U\xbaUWD\xe2\xccy\xedDW\xf2\xf3\x00+\xdal\xe3\x8aH\x1dV\x14UT\x8a\xe5\xc1\xb7\x0e\xc8kA\xd4\x82p*\x826\xb3\x8fcnSd\xdb\xe9-`e\x07jJ\x81.\xe9\xc7\x9ci^\x84\x0c\xee\xf3\xddd1\xd7\x92Jy\x0by&gt;\x1d\n+\xf1B\x8b,@\xce\':=\x97\xed\xfe|8\xc69\xc1\xcd\xbdy\x12\xb0?\xfdX\x9bv\xb2\xfei]\xb3\x0b\x02\x8e%g\x9e^\xe2\xc8\x81\xe8\xa6J\x9f`\xdd\xc2\xeb\xad\x90g\xa29\xeb\x9e\x875N\xf6\xc1`(\xbe\xda\xb8\x05\xfe\xc2\xe9\xb95\xe7\x07v:YY\x97\x9f\x86\xb2\x08f&lt;i1\x8fc\x9ed\xbfc\xfc\xbe\xe2\xa7\xd2\x9eN\xd5\x99\xc9Uw3\x9c\x02\xca\xcc@\xad\x9b\xcf\xd8\xa1\xe7\x02^\xa7Q\x98\x1bQ;\xd5\xb2O\xbe\xfd\xee\xb5\x97\x9e\xca*"P\xba5-\xe0K_\x15\xb3\xd6\x16Q\xef\xf3\xd3-\xbf\x8a\x05\xdfT\x1b\x07\x15\xa4\x14Zk\xa6\x90ZC\xfc\xc8\x12\x85\xd6\x14)k?QVi\r\xfa\x915(B\xebkt\xfdQ\xb4\xa9\xbd\xe3P\xb0\xdf*#\r\xb6\xb9\x1cwJ\x89f*\'&lt;\xa7%\t\xa6\xefs\x0b\xcb\x1eG:\x85\xd1r&gt;\xcb\xdc\x9aSc\x82\xa3gav\xce\xcd\x81\xcdS\x04\xdaFDg\xb6\xf06\x0e\x0fN\x92j\x88\xe0\x9c\x19\xbemH\xda#E\xb3\x8asGr\xeb"\xe6\xdfV&amp;\xd7\xb6\xb8\xd5\xf4\xcaAG\xf6O43{\x02\xf3 \xb3\xe5\x9c\x87&gt;C\xa1l\xa1\xfd\xefS\xc2\xc7\xb3\x06\x7f\xb7Ka\xdb\xfaO\xc5\xf5\xbc\xdf\x12'... (set the log level to DEBUG or TRACE to see the full content) 
 </msg>
<msg timestamp="20210828 12:39:27.512" level="INFO">POST Response : url=https://rocklov-hand-api.herokuapp.com/equipos 
 status=200, reason=OK 
 headers={'Server': 'Cowboy', 'Connection': 'keep-alive', 'X-Powered-By': 'Express', 'Access-Control-Allow-Origin': '*', 'Content-Type': 'application/json; charset=utf-8', 'Content-Length': '288', 'Etag': 'W/"120-lb7EB7OnfK/pctizXvFnXMv1PG8"', 'Date': 'Sat, 28 Aug 2021 15:39:27 GMT', 'Via': '1.1 vegur'} 
 body={"_id":"612a58ae87947c0015f0085d","user":"612a4f8c87947c0015f00842","thumbnail":"thumbnail-1630165166487","name":"Piano de Mesa","category":"Teclas","price":500,"__v":0,"thumbnail_url":"https://rocklov-hand-api.herokuapp.com/files/thumbnail-1630165166487","id":"612a58ae87947c0015f0085d"} 
 </msg>
<msg timestamp="20210828 12:39:27.512" level="INFO">${response} = &lt;Response [200]&gt;</msg>
<status status="PASS" starttime="20210828 12:39:25.855" endtime="20210828 12:39:27.512"/>
</kw>
<msg timestamp="20210828 12:39:27.512" level="INFO">${result} = &lt;Response [200]&gt;</msg>
<status status="PASS" starttime="20210828 12:39:25.793" endtime="20210828 12:39:27.512"/>
</kw>
<kw name="Set Variable" library="BuiltIn">
<var>${equipo_id}</var>
<arg>${result.json()}[_id]</arg>
<doc>Returns the given values which can then be assigned to a variables.</doc>
<msg timestamp="20210828 12:39:27.512" level="INFO">${equipo_id} = 612a58ae87947c0015f0085d</msg>
<status status="PASS" starttime="20210828 12:39:27.512" endtime="20210828 12:39:27.512"/>
</kw>
<kw name="GET UNIQUE EQUIPO" library="Equipos">
<var>${response}</var>
<arg>${token}</arg>
<arg>${equipo_id}</arg>
<kw name="Create Dictionary" library="BuiltIn">
<var>&amp;{headers}</var>
<arg>user_token=${token}</arg>
<doc>Creates and returns a dictionary based on the given ``items``.</doc>
<msg timestamp="20210828 12:39:27.527" level="INFO">&amp;{headers} = { user_token=612a4f8c87947c0015f00842 }</msg>
<status status="PASS" starttime="20210828 12:39:27.527" endtime="20210828 12:39:27.527"/>
</kw>
<kw name="GET" library="RequestsLibrary">
<var>${response}</var>
<arg>${base_url}/equipos/${equipo_id}</arg>
<arg>headers=${headers}</arg>
<arg>expected_status=any</arg>
<doc>Sends a GET request.</doc>
<msg timestamp="20210828 12:39:28.619" level="INFO">GET Request : url=https://rocklov-hand-api.herokuapp.com/equipos/612a58ae87947c0015f0085d 
 path_url=/equipos/612a58ae87947c0015f0085d 
 headers={'User-Agent': 'python-requests/2.26.0', 'Accept-Encoding': 'gzip, deflate', 'Accept': '*/*', 'Connection': 'keep-alive', 'user_token': '612a4f8c87947c0015f00842'} 
 body=None 
 </msg>
<msg timestamp="20210828 12:39:28.619" level="INFO">GET Response : url=https://rocklov-hand-api.herokuapp.com/equipos/612a58ae87947c0015f0085d 
 status=200, reason=OK 
 headers={'Server': 'Cowboy', 'Connection': 'keep-alive', 'X-Powered-By': 'Express', 'Access-Control-Allow-Origin': '*', 'Content-Type': 'application/json; charset=utf-8', 'Content-Length': '288', 'Etag': 'W/"120-lb7EB7OnfK/pctizXvFnXMv1PG8"', 'Date': 'Sat, 28 Aug 2021 15:39:28 GMT', 'Via': '1.1 vegur'} 
 body={"_id":"612a58ae87947c0015f0085d","user":"612a4f8c87947c0015f00842","thumbnail":"thumbnail-1630165166487","name":"Piano de Mesa","category":"Teclas","price":500,"__v":0,"thumbnail_url":"https://rocklov-hand-api.herokuapp.com/files/thumbnail-1630165166487","id":"612a58ae87947c0015f0085d"} 
 </msg>
<msg timestamp="20210828 12:39:28.619" level="INFO">${response} = &lt;Response [200]&gt;</msg>
<status status="PASS" starttime="20210828 12:39:27.527" endtime="20210828 12:39:28.619"/>
</kw>
<msg timestamp="20210828 12:39:28.619" level="INFO">${response} = &lt;Response [200]&gt;</msg>
<status status="PASS" starttime="20210828 12:39:27.512" endtime="20210828 12:39:28.619"/>
</kw>
<kw name="Status Should Be" library="RequestsLibrary">
<arg>200</arg>
<arg>${response}</arg>
<doc>Fails if response status code is different than the expected.</doc>
<status status="PASS" starttime="20210828 12:39:28.619" endtime="20210828 12:39:28.619"/>
</kw>
<kw name="Should Be Equal" library="BuiltIn">
<arg>${equipo}[payload][name]</arg>
<arg>${response.json()}[name]</arg>
<doc>Fails if the given objects are unequal.</doc>
<status status="PASS" starttime="20210828 12:39:28.619" endtime="20210828 12:39:28.619"/>
</kw>
<kw name="Should Be Equal" library="BuiltIn">
<arg>${equipo}[payload][category]</arg>
<arg>${response.json()}[category]</arg>
<doc>Fails if the given objects are unequal.</doc>
<status status="PASS" starttime="20210828 12:39:28.619" endtime="20210828 12:39:28.619"/>
</kw>
<kw name="Should Be Equal" library="BuiltIn">
<arg>${equipo}[payload][price]</arg>
<arg>${response.json()}[price]</arg>
<doc>Fails if the given objects are unequal.</doc>
<status status="PASS" starttime="20210828 12:39:28.635" endtime="20210828 12:39:28.635"/>
</kw>
<status status="PASS" starttime="20210828 12:39:24.415" endtime="20210828 12:39:28.635"/>
</test>
<doc>Testes com a busca de equipamentos</doc>
<status status="PASS" starttime="20210828 12:39:24.025" endtime="20210828 12:39:28.635"/>
</suite>
<statistics>
<total>
<stat pass="1" fail="0" skip="0">All Tests</stat>
</total>
<tag>
</tag>
<suite>
<stat pass="1" fail="0" skip="0" id="s1" name="GetEquiposTests">GetEquiposTests</stat>
</suite>
</statistics>
<errors>
</errors>
</robot>
