<?xml version="1.0" encoding="UTF-8"?>
<robot generator="Robot 4.1 (Python 3.8.1 on win32)" generated="20210806 23:26:29.490" rpa="false" schemaversion="2">
<suite id="s1" name="SignupTests" source="C:\git\qa-ninja\ROBOTXPERT\backend\tests\SignupTests.robot">
<test id="s1-t1" name="Add New User">
<kw name="Get Json" library="Helpers">
<var>${payload}</var>
<arg>signup</arg>
<arg>new_user.json</arg>
<kw name="Get File" library="OperatingSystem">
<var>${fixture}</var>
<arg>C:/git/qa-ninja/ROBOTXPERT/backend/resources/fixtures/${route}/${file_name}</arg>
<doc>Returns the contents of a specified file.</doc>
<msg timestamp="20210806 23:26:29.640" level="INFO" html="true">Getting file '&lt;a href="file://C:\git\qa-ninja\ROBOTXPERT\backend\resources\fixtures\signup\new_user.json"&gt;C:\git\qa-ninja\ROBOTXPERT\backend\resources\fixtures\signup\new_user.json&lt;/a&gt;'.</msg>
<msg timestamp="20210806 23:26:29.640" level="INFO">${fixture} = {
    "name": "Tony Stark",
    "email": "tony@stark.com.br",
    "password": "pwd123"
}
 </msg>
<status status="PASS" starttime="20210806 23:26:29.640" endtime="20210806 23:26:29.641"/>
</kw>
<kw name="Evaluate" library="BuiltIn">
<var>${json}</var>
<arg>json.loads($fixture)</arg>
<arg>json</arg>
<doc>Evaluates the given expression in Python and returns the result.</doc>
<msg timestamp="20210806 23:26:29.644" level="INFO">${json} = {'name': 'Tony Stark', 'email': 'tony@stark.com.br', 'password': 'pwd123'}</msg>
<status status="PASS" starttime="20210806 23:26:29.641" endtime="20210806 23:26:29.644"/>
</kw>
<msg timestamp="20210806 23:26:29.645" level="INFO">${payload} = {'name': 'Tony Stark', 'email': 'tony@stark.com.br', 'password': 'pwd123'}</msg>
<status status="PASS" starttime="20210806 23:26:29.639" endtime="20210806 23:26:29.645"/>
</kw>
<kw name="POST USER" library="Signup">
<var>${response}</var>
<arg>${payload}</arg>
<kw name="POST" library="RequestsLibrary">
<var>${response}</var>
<arg>${base_url}/signup</arg>
<arg>json=${payload}</arg>
<arg>expected_status=any</arg>
<doc>Sends a POST request.</doc>
<msg timestamp="20210806 23:26:30.505" level="INFO">POST Request : url=https://rocklov-hand-api.herokuapp.com/signup 
 path_url=/signup 
 headers={'User-Agent': 'python-requests/2.26.0', 'Accept-Encoding': 'gzip, deflate', 'Accept': '*/*', 'Connection': 'keep-alive', 'Content-Length': '74', 'Content-Type': 'application/json'} 
 body=b'{"name": "Tony Stark", "email": "tony@stark.com.br", "password": "pwd123"}' 
 </msg>
<msg timestamp="20210806 23:26:30.505" level="INFO">POST Response : url=https://rocklov-hand-api.herokuapp.com/signup 
 status=409, reason=Conflict 
 headers={'Server': 'Cowboy', 'Connection': 'keep-alive', 'X-Powered-By': 'Express', 'Access-Control-Allow-Origin': '*', 'Content-Type': 'application/json; charset=utf-8', 'Content-Length': '47', 'Etag': 'W/"2f-6vgYhFf+FNZGgYfaQq8uG8nL6FU"', 'Date': 'Sat, 07 Aug 2021 02:26:30 GMT', 'Via': '1.1 vegur'} 
 body={"code":1001,"error":"Email already exists :("} 
 </msg>
<msg timestamp="20210806 23:26:30.505" level="INFO">${response} = &lt;Response [409]&gt;</msg>
<status status="PASS" starttime="20210806 23:26:29.645" endtime="20210806 23:26:30.505"/>
</kw>
<msg timestamp="20210806 23:26:30.505" level="INFO">${response} = &lt;Response [409]&gt;</msg>
<status status="PASS" starttime="20210806 23:26:29.645" endtime="20210806 23:26:30.505"/>
</kw>
<kw name="Status Should Be" library="RequestsLibrary">
<arg>200</arg>
<arg>${response}</arg>
<doc>Fails if response status code is different than the expected.</doc>
<msg timestamp="20210806 23:26:30.505" level="FAIL">Url: https://rocklov-hand-api.herokuapp.com/signup Expected status: 409 != 200</msg>
<status status="FAIL" starttime="20210806 23:26:30.505" endtime="20210806 23:26:30.505"/>
</kw>
<status status="FAIL" starttime="20210806 23:26:29.637" endtime="20210806 23:26:30.505">Url: https://rocklov-hand-api.herokuapp.com/signup Expected status: 409 != 200</status>
</test>
<doc>Testes de Login com a API RockLov de Sucesso</doc>
<status status="FAIL" starttime="20210806 23:26:29.492" endtime="20210806 23:26:30.521"/>
</suite>
<statistics>
<total>
<stat pass="0" fail="1" skip="0">All Tests</stat>
</total>
<tag>
</tag>
<suite>
<stat pass="0" fail="1" skip="0" id="s1" name="SignupTests">SignupTests</stat>
</suite>
</statistics>
<errors>
</errors>
</robot>
