<?xml version="1.0" encoding="UTF-8"?>
<robot generator="Robot 4.1 (Python 3.8.1 on win32)" generated="20210806 21:45:51.351" rpa="false" schemaversion="2">
<suite id="s1" name="UserLoginTest" source="C:\git\qa-ninja\ROBOTXPERT\backend\tests\UserLoginTest.robot">
<test id="s1-t1" name="User Login">
<kw name="Get Json" library="Helpers">
<var>${payload}</var>
<arg>sessions</arg>
<arg>user_login.json</arg>
<kw name="Get File" library="OperatingSystem">
<var>${fixture}</var>
<arg>C:/git/qa-ninja/ROBOTXPERT/backend/resources/fixtures/${route}/${file_name}</arg>
<doc>Returns the contents of a specified file.</doc>
<msg timestamp="20210806 21:45:51.553" level="INFO" html="true">Getting file '&lt;a href="file://C:\git\qa-ninja\ROBOTXPERT\backend\resources\fixtures\sessions\user_login.json"&gt;C:\git\qa-ninja\ROBOTXPERT\backend\resources\fixtures\sessions\user_login.json&lt;/a&gt;'.</msg>
<msg timestamp="20210806 21:45:51.553" level="INFO">${fixture} = {
    "email": "handmartins@gmail.com",
    "password": "123321"
}
 </msg>
<status status="PASS" starttime="20210806 21:45:51.553" endtime="20210806 21:45:51.559"/>
</kw>
<kw name="Evaluate" library="BuiltIn">
<var>${json}</var>
<arg>json.loads($fixture)</arg>
<arg>json</arg>
<doc>Evaluates the given expression in Python and returns the result.</doc>
<msg timestamp="20210806 21:45:51.561" level="INFO">${json} = {'email': 'handmartins@gmail.com', 'password': '123321'}</msg>
<status status="PASS" starttime="20210806 21:45:51.559" endtime="20210806 21:45:51.561"/>
</kw>
<msg timestamp="20210806 21:45:51.561" level="INFO">${payload} = {'email': 'handmartins@gmail.com', 'password': '123321'}</msg>
<status status="PASS" starttime="20210806 21:45:51.553" endtime="20210806 21:45:51.561"/>
</kw>
<kw name="POST LOGIN" library="Sessions">
<var>${response}</var>
<arg>${payload}</arg>
<kw name="POST" library="RequestsLibrary">
<var>${response}</var>
<arg>${base_url}/sessions</arg>
<arg>json=${payload}</arg>
<arg>expected_status=any</arg>
<doc>Sends a POST request.</doc>
<msg timestamp="20210806 21:45:52.479" level="INFO">POST Request : url=https://rocklov-hand-api.herokuapp.com/sessions 
 path_url=/sessions 
 headers={'User-Agent': 'python-requests/2.26.0', 'Accept-Encoding': 'gzip, deflate', 'Accept': '*/*', 'Connection': 'keep-alive', 'Content-Length': '56', 'Content-Type': 'application/json'} 
 body=b'{"email": "handmartins@gmail.com", "password": "123321"}' 
 </msg>
<msg timestamp="20210806 21:45:52.479" level="INFO">POST Response : url=https://rocklov-hand-api.herokuapp.com/sessions 
 status=200, reason=OK 
 headers={'Server': 'Cowboy', 'Connection': 'keep-alive', 'X-Powered-By': 'Express', 'Access-Control-Allow-Origin': '*', 'Content-Type': 'application/json; charset=utf-8', 'Content-Length': '41', 'Etag': 'W/"29-/rRFJBL1CkKIE8wc02nye2lSCLg"', 'Date': 'Sat, 07 Aug 2021 00:45:52 GMT', 'Via': '1.1 vegur'} 
 body={"user_token":"60f7ae36767cb100159064e4"} 
 </msg>
<msg timestamp="20210806 21:45:52.479" level="INFO">${response} = &lt;Response [200]&gt;</msg>
<status status="PASS" starttime="20210806 21:45:51.561" endtime="20210806 21:45:52.479"/>
</kw>
<msg timestamp="20210806 21:45:52.479" level="INFO">${response} = &lt;Response [200]&gt;</msg>
<status status="PASS" starttime="20210806 21:45:51.561" endtime="20210806 21:45:52.479"/>
</kw>
<kw name="Status Should Be" library="RequestsLibrary">
<arg>200</arg>
<arg>${response}</arg>
<doc>Fails if response status code is different than the expected.</doc>
<status status="PASS" starttime="20210806 21:45:52.489" endtime="20210806 21:45:52.489"/>
</kw>
<kw name="Log" library="BuiltIn">
<arg>${response.json()}[user_token]</arg>
<doc>Logs the given message with the given level.</doc>
<msg timestamp="20210806 21:45:52.489" level="INFO">60f7ae36767cb100159064e4</msg>
<status status="PASS" starttime="20210806 21:45:52.489" endtime="20210806 21:45:52.489"/>
</kw>
<kw name="Set Variable" library="BuiltIn">
<var>${token}</var>
<arg>${response.json()}[user_token]</arg>
<doc>Returns the given values which can then be assigned to a variables.</doc>
<msg timestamp="20210806 21:45:52.494" level="INFO">${token} = 60f7ae36767cb100159064e4</msg>
<status status="PASS" starttime="20210806 21:45:52.489" endtime="20210806 21:45:52.494"/>
</kw>
<kw name="Length Should Be" library="BuiltIn">
<arg>${token}</arg>
<arg>24</arg>
<doc>Verifies that the length of the given item is correct.</doc>
<msg timestamp="20210806 21:45:52.494" level="INFO">Length is 24</msg>
<status status="PASS" starttime="20210806 21:45:52.494" endtime="20210806 21:45:52.494"/>
</kw>
<status status="PASS" starttime="20210806 21:45:51.553" endtime="20210806 21:45:52.494"/>
</test>
<doc>Testes de Login com a API RockLov de Sucesso</doc>
<status status="PASS" starttime="20210806 21:45:51.355" endtime="20210806 21:45:52.499"/>
</suite>
<statistics>
<total>
<stat pass="1" fail="0" skip="0">All Tests</stat>
</total>
<tag>
</tag>
<suite>
<stat pass="1" fail="0" skip="0" id="s1" name="UserLoginTest">UserLoginTest</stat>
</suite>
</statistics>
<errors>
</errors>
</robot>
