<?xml version="1.0" encoding="UTF-8"?>
<robot generator="Robot 4.0.3 (Python 3.9.6 on win32)" generated="20210718 19:48:21.736" rpa="false" schemaversion="2">
<suite id="s1" name="Conta" source="C:\git\qa-ninja\ROBOTXPERT\start\conta.robot">
<test id="s1-t1" name="Quando abro uma nova conta deve retornar saldo Zerado">
<kw name="Abrir Conta" library="ContaLibrary">
<status status="PASS" starttime="20210718 19:48:21.768" endtime="20210718 19:48:21.768"/>
</kw>
<kw name="Obter Saldo" library="ContaLibrary">
<var>${saldo}</var>
<msg timestamp="20210718 19:48:21.769" level="INFO">${saldo} = 0.0</msg>
<status status="PASS" starttime="20210718 19:48:21.768" endtime="20210718 19:48:21.769"/>
</kw>
<kw name="Convert To Number" library="BuiltIn">
<var>${saldo_esperado}</var>
<arg>0.0</arg>
<doc>Converts the given item to a floating point number.</doc>
<msg timestamp="20210718 19:48:21.770" level="INFO">${saldo_esperado} = 0.0</msg>
<status status="PASS" starttime="20210718 19:48:21.770" endtime="20210718 19:48:21.770"/>
</kw>
<kw name="Should Be Equal" library="BuiltIn">
<arg>${saldo}</arg>
<arg>${saldo_esperado}</arg>
<doc>Fails if the given objects are unequal.</doc>
<status status="PASS" starttime="20210718 19:48:21.770" endtime="20210718 19:48:21.771"/>
</kw>
<kw name="Log" library="BuiltIn">
<arg>${saldo}</arg>
<doc>Logs the given message with the given level.</doc>
<msg timestamp="20210718 19:48:21.771" level="INFO">0.0</msg>
<status status="PASS" starttime="20210718 19:48:21.771" endtime="20210718 19:48:21.772"/>
</kw>
<status status="PASS" starttime="20210718 19:48:21.767" endtime="20210718 19:48:21.772"/>
</test>
<test id="s1-t2" name="Quando faco um deposito deve refletir o valor do saldo">
<kw name="Abrir Conta" library="ContaLibrary">
<status status="PASS" starttime="20210718 19:48:21.775" endtime="20210718 19:48:21.775"/>
</kw>
<kw name="Convert To Number" library="BuiltIn">
<var>${valor_deposito}</var>
<arg>500</arg>
<doc>Converts the given item to a floating point number.</doc>
<msg timestamp="20210718 19:48:21.775" level="INFO">${valor_deposito} = 500.0</msg>
<status status="PASS" starttime="20210718 19:48:21.775" endtime="20210718 19:48:21.775"/>
</kw>
<kw name="Deposita" library="ContaLibrary">
<arg>${valor_deposito}</arg>
<status status="PASS" starttime="20210718 19:48:21.776" endtime="20210718 19:48:21.776"/>
</kw>
<kw name="Obter Saldo" library="ContaLibrary">
<var>${saldo_final}</var>
<msg timestamp="20210718 19:48:21.776" level="INFO">${saldo_final} = 500.0</msg>
<status status="PASS" starttime="20210718 19:48:21.776" endtime="20210718 19:48:21.776"/>
</kw>
<kw name="Should Be Equal" library="BuiltIn">
<arg>${valor_deposito}</arg>
<arg>${saldo_final}</arg>
<doc>Fails if the given objects are unequal.</doc>
<status status="PASS" starttime="20210718 19:48:21.777" endtime="20210718 19:48:21.777"/>
</kw>
<kw name="Log To Console" library="BuiltIn">
<arg>Valor deposito: ${valor_deposito}</arg>
<arg>Valor Final: ${saldo_final}</arg>
<doc>Logs the given message to the console.</doc>
<status status="PASS" starttime="20210718 19:48:21.777" endtime="20210718 19:48:21.778"/>
</kw>
<status status="PASS" starttime="20210718 19:48:21.774" endtime="20210718 19:48:21.778"/>
</test>
<test id="s1-t3" name="Quando faço um saque deve deduzir o valor do meu saldo">
<kw name="Abrir Conta" library="ContaLibrary">
<status status="PASS" starttime="20210718 19:48:21.780" endtime="20210718 19:48:21.780"/>
</kw>
<kw name="Convert To Number" library="BuiltIn">
<var>${valor_deposito}</var>
<arg>1000</arg>
<doc>Converts the given item to a floating point number.</doc>
<msg timestamp="20210718 19:48:21.781" level="INFO">${valor_deposito} = 1000.0</msg>
<status status="PASS" starttime="20210718 19:48:21.781" endtime="20210718 19:48:21.781"/>
</kw>
<kw name="Deposita" library="ContaLibrary">
<arg>${valor_deposito}</arg>
<status status="PASS" starttime="20210718 19:48:21.781" endtime="20210718 19:48:21.781"/>
</kw>
<kw name="Convert To Number" library="BuiltIn">
<var>${valor_saque}</var>
<arg>200</arg>
<doc>Converts the given item to a floating point number.</doc>
<msg timestamp="20210718 19:48:21.783" level="INFO">${valor_saque} = 200.0</msg>
<status status="PASS" starttime="20210718 19:48:21.782" endtime="20210718 19:48:21.783"/>
</kw>
<kw name="Saca" library="ContaLibrary">
<arg>${valor_saque}</arg>
<status status="PASS" starttime="20210718 19:48:21.784" endtime="20210718 19:48:21.784"/>
</kw>
<kw name="Evaluate" library="BuiltIn">
<var>${saldo_esperado}</var>
<arg>${valor_deposito} - ${valor_saque} - 2</arg>
<doc>Evaluates the given expression in Python and returns the result.</doc>
<msg timestamp="20210718 19:48:21.786" level="INFO">${saldo_esperado} = 798.0</msg>
<status status="PASS" starttime="20210718 19:48:21.785" endtime="20210718 19:48:21.786"/>
</kw>
<kw name="Obter Saldo" library="ContaLibrary">
<var>${saldo_final}</var>
<msg timestamp="20210718 19:48:21.787" level="INFO">${saldo_final} = 798.0</msg>
<status status="PASS" starttime="20210718 19:48:21.786" endtime="20210718 19:48:21.787"/>
</kw>
<kw name="Should Be Equal" library="BuiltIn">
<arg>${saldo_final}</arg>
<arg>${saldo_esperado}</arg>
<doc>Fails if the given objects are unequal.</doc>
<status status="PASS" starttime="20210718 19:48:21.787" endtime="20210718 19:48:21.788"/>
</kw>
<kw name="Log To Console" library="BuiltIn">
<arg>Saldo final Atual: ${saldo_final}</arg>
<arg>Resultado final Atual: ${saldo_esperado}</arg>
<doc>Logs the given message to the console.</doc>
<status status="PASS" starttime="20210718 19:48:21.789" endtime="20210718 19:48:21.790"/>
</kw>
<status status="PASS" starttime="20210718 19:48:21.780" endtime="20210718 19:48:21.791"/>
</test>
<doc>Suite para testar a classe ContaLibrary</doc>
<status status="PASS" starttime="20210718 19:48:21.738" endtime="20210718 19:48:21.793"/>
</suite>
<statistics>
<total>
<stat pass="3" fail="0" skip="0">All Tests</stat>
</total>
<tag>
</tag>
<suite>
<stat pass="3" fail="0" skip="0" id="s1" name="Conta">Conta</stat>
</suite>
</statistics>
<errors>
</errors>
</robot>
